  CppCLR_WinFormsProject.cpp
D:\coc\ひとりじゃない\永晝城物語\progress\Eternal_Day_State\Eternal_Day_State\CppCLR_WinFormsProject.cpp(1,1): warning C4005: '__CLR_VER': 巨集重複定義
D:\coc\ひとりじゃない\永晝城物語\progress\Eternal_Day_State\Eternal_Day_State\CppCLR_WinFormsProject.cpp(1,1): message : '__CLR_VER' 先前已在命令列中宣告
D:\coc\ひとりじゃない\永晝城物語\progress\Eternal_Day_State\Eternal_Day_State\CppCLR_WinFormsProject.cpp(1,1): warning C4651: 已為先行編譯標頭檔指定 '/D__CLR_VER=40809166'，但不是用於目前的編譯
D:\coc\ひとりじゃない\永晝城物語\progress\Eternal_Day_State\Eternal_Day_State\roll.h(23,13): warning C4244: '引數': 將 'time_t' 轉換為 'unsigned int'，由於類型不同，可能導致資料遺失
D:\coc\ひとりじゃない\永晝城物語\progress\Eternal_Day_State\Eternal_Day_State\battle.h(16,13): warning C4244: '引數': 將 'time_t' 轉換為 'unsigned int'，由於類型不同，可能導致資料遺失
D:\coc\ひとりじゃない\永晝城物語\progress\Eternal_Day_State\Eternal_Day_State\battle.h(59,13): warning C4244: '引數': 將 'time_t' 轉換為 'unsigned int'，由於類型不同，可能導致資料遺失
D:\coc\ひとりじゃない\永晝城物語\progress\Eternal_Day_State\Eternal_Day_State\battle.h(94,13): warning C4244: '引數': 將 'time_t' 轉換為 'unsigned int'，由於類型不同，可能導致資料遺失
D:\coc\ひとりじゃない\永晝城物語\progress\Eternal_Day_State\Eternal_Day_State\Form1.h(4703,23): warning C4566: 由通用字元名稱 '\u8038' 表示的字元，無法在目前的字碼頁中表示 (950)
D:\coc\ひとりじゃない\永晝城物語\progress\Eternal_Day_State\Eternal_Day_State\Form1.h(3279,46): warning C4390: ';': 找到空白的控制陳述式，是正確的嗎?
D:\coc\ひとりじゃない\永晝城物語\progress\Eternal_Day_State\Eternal_Day_State\Form1.h(4207,3): warning C4996: 'strcpy': This function or variable may be unsafe. Consider using strcpy_s instead. To disable deprecation, use _CRT_SECURE_NO_WARNINGS. See online help for details.
D:\coc\ひとりじゃない\永晝城物語\progress\Eternal_Day_State\Eternal_Day_State\Form1.h(4208,3): warning C4996: 'strcpy': This function or variable may be unsafe. Consider using strcpy_s instead. To disable deprecation, use _CRT_SECURE_NO_WARNINGS. See online help for details.
D:\coc\ひとりじゃない\永晝城物語\progress\Eternal_Day_State\Eternal_Day_State\Form1.h(4290,3): warning C4996: 'strcpy': This function or variable may be unsafe. Consider using strcpy_s instead. To disable deprecation, use _CRT_SECURE_NO_WARNINGS. See online help for details.
D:\coc\ひとりじゃない\永晝城物語\progress\Eternal_Day_State\Eternal_Day_State\Form1.h(4291,3): warning C4996: 'strcpy': This function or variable may be unsafe. Consider using strcpy_s instead. To disable deprecation, use _CRT_SECURE_NO_WARNINGS. See online help for details.
D:\coc\ひとりじゃない\永晝城物語\progress\Eternal_Day_State\Eternal_Day_State\Form1.h(4373,3): warning C4996: 'strcpy': This function or variable may be unsafe. Consider using strcpy_s instead. To disable deprecation, use _CRT_SECURE_NO_WARNINGS. See online help for details.
D:\coc\ひとりじゃない\永晝城物語\progress\Eternal_Day_State\Eternal_Day_State\Form1.h(4374,3): warning C4996: 'strcpy': This function or variable may be unsafe. Consider using strcpy_s instead. To disable deprecation, use _CRT_SECURE_NO_WARNINGS. See online help for details.
D:\coc\ひとりじゃない\永晝城物語\progress\Eternal_Day_State\Eternal_Day_State\Form1.h(4421,4): warning C4996: 'strcpy': This function or variable may be unsafe. Consider using strcpy_s instead. To disable deprecation, use _CRT_SECURE_NO_WARNINGS. See online help for details.
D:\coc\ひとりじゃない\永晝城物語\progress\Eternal_Day_State\Eternal_Day_State\Form1.h(4505,4): warning C4996: 'strcpy': This function or variable may be unsafe. Consider using strcpy_s instead. To disable deprecation, use _CRT_SECURE_NO_WARNINGS. See online help for details.
D:\coc\ひとりじゃない\永晝城物語\progress\Eternal_Day_State\Eternal_Day_State\Form1.h(4561,3): warning C4996: 'strcpy': This function or variable may be unsafe. Consider using strcpy_s instead. To disable deprecation, use _CRT_SECURE_NO_WARNINGS. See online help for details.
D:\coc\ひとりじゃない\永晝城物語\progress\Eternal_Day_State\Eternal_Day_State\Form1.h(4591,3): warning C4996: 'strcpy': This function or variable may be unsafe. Consider using strcpy_s instead. To disable deprecation, use _CRT_SECURE_NO_WARNINGS. See online help for details.
D:\coc\ひとりじゃない\永晝城物語\progress\Eternal_Day_State\Eternal_Day_State\Form1.h(4602,3): warning C4996: 'strcpy': This function or variable may be unsafe. Consider using strcpy_s instead. To disable deprecation, use _CRT_SECURE_NO_WARNINGS. See online help for details.
D:\coc\ひとりじゃない\永晝城物語\progress\Eternal_Day_State\Eternal_Day_State\Form1.h(4617,3): warning C4996: 'strcpy': This function or variable may be unsafe. Consider using strcpy_s instead. To disable deprecation, use _CRT_SECURE_NO_WARNINGS. See online help for details.
D:\coc\ひとりじゃない\永晝城物語\progress\Eternal_Day_State\Eternal_Day_State\Form1.h(4628,3): warning C4996: 'strcpy': This function or variable may be unsafe. Consider using strcpy_s instead. To disable deprecation, use _CRT_SECURE_NO_WARNINGS. See online help for details.
D:\coc\ひとりじゃない\永晝城物語\progress\Eternal_Day_State\Eternal_Day_State\Form1.h(4649,3): warning C4996: 'strcpy': This function or variable may be unsafe. Consider using strcpy_s instead. To disable deprecation, use _CRT_SECURE_NO_WARNINGS. See online help for details.
D:\coc\ひとりじゃない\永晝城物語\progress\Eternal_Day_State\Eternal_Day_State\Form1.h(4664,3): warning C4996: 'strcpy': This function or variable may be unsafe. Consider using strcpy_s instead. To disable deprecation, use _CRT_SECURE_NO_WARNINGS. See online help for details.
D:\coc\ひとりじゃない\永晝城物語\progress\Eternal_Day_State\Eternal_Day_State\Form1.h(4677,3): warning C4996: 'strcpy': This function or variable may be unsafe. Consider using strcpy_s instead. To disable deprecation, use _CRT_SECURE_NO_WARNINGS. See online help for details.
D:\coc\ひとりじゃない\永晝城物語\progress\Eternal_Day_State\Eternal_Day_State\Form1.h(4690,3): warning C4996: 'strcpy': This function or variable may be unsafe. Consider using strcpy_s instead. To disable deprecation, use _CRT_SECURE_NO_WARNINGS. See online help for details.
D:\coc\ひとりじゃない\永晝城物語\progress\Eternal_Day_State\Eternal_Day_State\Form1.h(4704,3): warning C4996: 'strcpy': This function or variable may be unsafe. Consider using strcpy_s instead. To disable deprecation, use _CRT_SECURE_NO_WARNINGS. See online help for details.
D:\coc\ひとりじゃない\永晝城物語\progress\Eternal_Day_State\Eternal_Day_State\Form1.h(4719,3): warning C4996: 'strcpy': This function or variable may be unsafe. Consider using strcpy_s instead. To disable deprecation, use _CRT_SECURE_NO_WARNINGS. See online help for details.
D:\coc\ひとりじゃない\永晝城物語\progress\Eternal_Day_State\Eternal_Day_State\Form1.h(4732,3): warning C4996: 'strcpy': This function or variable may be unsafe. Consider using strcpy_s instead. To disable deprecation, use _CRT_SECURE_NO_WARNINGS. See online help for details.
D:\coc\ひとりじゃない\永晝城物語\progress\Eternal_Day_State\Eternal_Day_State\Form1.h(4745,3): warning C4996: 'strcpy': This function or variable may be unsafe. Consider using strcpy_s instead. To disable deprecation, use _CRT_SECURE_NO_WARNINGS. See online help for details.
D:\coc\ひとりじゃない\永晝城物語\progress\Eternal_Day_State\Eternal_Day_State\Form1.h(4746,3): warning C4996: 'strcpy': This function or variable may be unsafe. Consider using strcpy_s instead. To disable deprecation, use _CRT_SECURE_NO_WARNINGS. See online help for details.
D:\coc\ひとりじゃない\永晝城物語\progress\Eternal_Day_State\Eternal_Day_State\Form1.h(4944,3): warning C4996: 'strcpy': This function or variable may be unsafe. Consider using strcpy_s instead. To disable deprecation, use _CRT_SECURE_NO_WARNINGS. See online help for details.
D:\coc\ひとりじゃない\永晝城物語\progress\Eternal_Day_State\Eternal_Day_State\Form1.h(4982,3): warning C4996: 'strcpy': This function or variable may be unsafe. Consider using strcpy_s instead. To disable deprecation, use _CRT_SECURE_NO_WARNINGS. See online help for details.
D:\coc\ひとりじゃない\永晝城物語\progress\Eternal_Day_State\Eternal_Day_State\Form1.h(5029,3): warning C4996: 'strcpy': This function or variable may be unsafe. Consider using strcpy_s instead. To disable deprecation, use _CRT_SECURE_NO_WARNINGS. See online help for details.
D:\coc\ひとりじゃない\永晝城物語\progress\Eternal_Day_State\Eternal_Day_State\Form1.h(5047,3): warning C4996: 'strcpy': This function or variable may be unsafe. Consider using strcpy_s instead. To disable deprecation, use _CRT_SECURE_NO_WARNINGS. See online help for details.
D:\coc\ひとりじゃない\永晝城物語\progress\Eternal_Day_State\Eternal_Day_State\Form1.h(5176,3): warning C4996: 'strcpy': This function or variable may be unsafe. Consider using strcpy_s instead. To disable deprecation, use _CRT_SECURE_NO_WARNINGS. See online help for details.
D:\coc\ひとりじゃない\永晝城物語\progress\Eternal_Day_State\Eternal_Day_State\Form1.h(5201,4): warning C4996: 'strcpy': This function or variable may be unsafe. Consider using strcpy_s instead. To disable deprecation, use _CRT_SECURE_NO_WARNINGS. See online help for details.
D:\coc\ひとりじゃない\永晝城物語\progress\Eternal_Day_State\Eternal_Day_State\Form1.h(5215,3): warning C4996: 'strcpy': This function or variable may be unsafe. Consider using strcpy_s instead. To disable deprecation, use _CRT_SECURE_NO_WARNINGS. See online help for details.
D:\coc\ひとりじゃない\永晝城物語\progress\Eternal_Day_State\Eternal_Day_State\Form1.h(5229,4): warning C4996: 'strcpy': This function or variable may be unsafe. Consider using strcpy_s instead. To disable deprecation, use _CRT_SECURE_NO_WARNINGS. See online help for details.
D:\coc\ひとりじゃない\永晝城物語\progress\Eternal_Day_State\Eternal_Day_State\Form1.h(5244,3): warning C4996: 'strcpy': This function or variable may be unsafe. Consider using strcpy_s instead. To disable deprecation, use _CRT_SECURE_NO_WARNINGS. See online help for details.
D:\coc\ひとりじゃない\永晝城物語\progress\Eternal_Day_State\Eternal_Day_State\Form1.h(5258,4): warning C4996: 'strcpy': This function or variable may be unsafe. Consider using strcpy_s instead. To disable deprecation, use _CRT_SECURE_NO_WARNINGS. See online help for details.
D:\coc\ひとりじゃない\永晝城物語\progress\Eternal_Day_State\Eternal_Day_State\Form1.h(5271,3): warning C4996: 'strcpy': This function or variable may be unsafe. Consider using strcpy_s instead. To disable deprecation, use _CRT_SECURE_NO_WARNINGS. See online help for details.
D:\coc\ひとりじゃない\永晝城物語\progress\Eternal_Day_State\Eternal_Day_State\Form1.h(5283,4): warning C4996: 'strcpy': This function or variable may be unsafe. Consider using strcpy_s instead. To disable deprecation, use _CRT_SECURE_NO_WARNINGS. See online help for details.
D:\coc\ひとりじゃない\永晝城物語\progress\Eternal_Day_State\Eternal_Day_State\Form1.h(5297,3): warning C4996: 'strcpy': This function or variable may be unsafe. Consider using strcpy_s instead. To disable deprecation, use _CRT_SECURE_NO_WARNINGS. See online help for details.
D:\coc\ひとりじゃない\永晝城物語\progress\Eternal_Day_State\Eternal_Day_State\Form1.h(5309,4): warning C4996: 'strcpy': This function or variable may be unsafe. Consider using strcpy_s instead. To disable deprecation, use _CRT_SECURE_NO_WARNINGS. See online help for details.
D:\coc\ひとりじゃない\永晝城物語\progress\Eternal_Day_State\Eternal_Day_State\Form1.h(5321,3): warning C4996: 'strcpy': This function or variable may be unsafe. Consider using strcpy_s instead. To disable deprecation, use _CRT_SECURE_NO_WARNINGS. See online help for details.
D:\coc\ひとりじゃない\永晝城物語\progress\Eternal_Day_State\Eternal_Day_State\Form1.h(5335,4): warning C4996: 'strcpy': This function or variable may be unsafe. Consider using strcpy_s instead. To disable deprecation, use _CRT_SECURE_NO_WARNINGS. See online help for details.
D:\coc\ひとりじゃない\永晝城物語\progress\Eternal_Day_State\Eternal_Day_State\Form1.h(5347,3): warning C4996: 'strcpy': This function or variable may be unsafe. Consider using strcpy_s instead. To disable deprecation, use _CRT_SECURE_NO_WARNINGS. See online help for details.
D:\coc\ひとりじゃない\永晝城物語\progress\Eternal_Day_State\Eternal_Day_State\Form1.h(5364,3): warning C4996: 'strcpy': This function or variable may be unsafe. Consider using strcpy_s instead. To disable deprecation, use _CRT_SECURE_NO_WARNINGS. See online help for details.
D:\coc\ひとりじゃない\永晝城物語\progress\Eternal_Day_State\Eternal_Day_State\Form1.h(5388,3): warning C4996: 'strcpy': This function or variable may be unsafe. Consider using strcpy_s instead. To disable deprecation, use _CRT_SECURE_NO_WARNINGS. See online help for details.
D:\coc\ひとりじゃない\永晝城物語\progress\Eternal_Day_State\Eternal_Day_State\Form1.h(5404,3): warning C4996: 'strcpy': This function or variable may be unsafe. Consider using strcpy_s instead. To disable deprecation, use _CRT_SECURE_NO_WARNINGS. See online help for details.
D:\coc\ひとりじゃない\永晝城物語\progress\Eternal_Day_State\Eternal_Day_State\Form1.h(5421,3): warning C4996: 'strcpy': This function or variable may be unsafe. Consider using strcpy_s instead. To disable deprecation, use _CRT_SECURE_NO_WARNINGS. See online help for details.
D:\coc\ひとりじゃない\永晝城物語\progress\Eternal_Day_State\Eternal_Day_State\Form1.h(5435,3): warning C4996: 'strcpy': This function or variable may be unsafe. Consider using strcpy_s instead. To disable deprecation, use _CRT_SECURE_NO_WARNINGS. See online help for details.
D:\coc\ひとりじゃない\永晝城物語\progress\Eternal_Day_State\Eternal_Day_State\Form1.h(5448,3): warning C4996: 'strcpy': This function or variable may be unsafe. Consider using strcpy_s instead. To disable deprecation, use _CRT_SECURE_NO_WARNINGS. See online help for details.
D:\coc\ひとりじゃない\永晝城物語\progress\Eternal_Day_State\Eternal_Day_State\Form1.h(5461,3): warning C4996: 'strcpy': This function or variable may be unsafe. Consider using strcpy_s instead. To disable deprecation, use _CRT_SECURE_NO_WARNINGS. See online help for details.
D:\coc\ひとりじゃない\永晝城物語\progress\Eternal_Day_State\Eternal_Day_State\Form1.h(5475,3): warning C4996: 'strcpy': This function or variable may be unsafe. Consider using strcpy_s instead. To disable deprecation, use _CRT_SECURE_NO_WARNINGS. See online help for details.
D:\coc\ひとりじゃない\永晝城物語\progress\Eternal_Day_State\Eternal_Day_State\Form1.h(5490,3): warning C4996: 'strcpy': This function or variable may be unsafe. Consider using strcpy_s instead. To disable deprecation, use _CRT_SECURE_NO_WARNINGS. See online help for details.
D:\coc\ひとりじゃない\永晝城物語\progress\Eternal_Day_State\Eternal_Day_State\Form1.h(5502,3): warning C4996: 'strcpy': This function or variable may be unsafe. Consider using strcpy_s instead. To disable deprecation, use _CRT_SECURE_NO_WARNINGS. See online help for details.
D:\coc\ひとりじゃない\永晝城物語\progress\Eternal_Day_State\Eternal_Day_State\Form1.h(5517,3): warning C4996: 'strcpy': This function or variable may be unsafe. Consider using strcpy_s instead. To disable deprecation, use _CRT_SECURE_NO_WARNINGS. See online help for details.
D:\coc\ひとりじゃない\永晝城物語\progress\Eternal_Day_State\Eternal_Day_State\Form1.h(5536,3): warning C4996: 'strcpy': This function or variable may be unsafe. Consider using strcpy_s instead. To disable deprecation, use _CRT_SECURE_NO_WARNINGS. See online help for details.
D:\coc\ひとりじゃない\永晝城物語\progress\Eternal_Day_State\Eternal_Day_State\Form1.h(5550,3): warning C4996: 'strcpy': This function or variable may be unsafe. Consider using strcpy_s instead. To disable deprecation, use _CRT_SECURE_NO_WARNINGS. See online help for details.
D:\coc\ひとりじゃない\永晝城物語\progress\Eternal_Day_State\Eternal_Day_State\Form1.h(5568,3): warning C4996: 'strcpy': This function or variable may be unsafe. Consider using strcpy_s instead. To disable deprecation, use _CRT_SECURE_NO_WARNINGS. See online help for details.
D:\coc\ひとりじゃない\永晝城物語\progress\Eternal_Day_State\Eternal_Day_State\Form1.h(5580,3): warning C4996: 'strcpy': This function or variable may be unsafe. Consider using strcpy_s instead. To disable deprecation, use _CRT_SECURE_NO_WARNINGS. See online help for details.
D:\coc\ひとりじゃない\永晝城物語\progress\Eternal_Day_State\Eternal_Day_State\Form1.h(5593,3): warning C4996: 'strcpy': This function or variable may be unsafe. Consider using strcpy_s instead. To disable deprecation, use _CRT_SECURE_NO_WARNINGS. See online help for details.
D:\coc\ひとりじゃない\永晝城物語\progress\Eternal_Day_State\Eternal_Day_State\Form1.h(5608,3): warning C4996: 'strcpy': This function or variable may be unsafe. Consider using strcpy_s instead. To disable deprecation, use _CRT_SECURE_NO_WARNINGS. See online help for details.
D:\coc\ひとりじゃない\永晝城物語\progress\Eternal_Day_State\Eternal_Day_State\Form1.h(5621,3): warning C4996: 'strcpy': This function or variable may be unsafe. Consider using strcpy_s instead. To disable deprecation, use _CRT_SECURE_NO_WARNINGS. See online help for details.
D:\coc\ひとりじゃない\永晝城物語\progress\Eternal_Day_State\Eternal_Day_State\Form1.h(5639,3): warning C4996: 'strcpy': This function or variable may be unsafe. Consider using strcpy_s instead. To disable deprecation, use _CRT_SECURE_NO_WARNINGS. See online help for details.
D:\coc\ひとりじゃない\永晝城物語\progress\Eternal_Day_State\Eternal_Day_State\Form1.h(5651,3): warning C4996: 'strcpy': This function or variable may be unsafe. Consider using strcpy_s instead. To disable deprecation, use _CRT_SECURE_NO_WARNINGS. See online help for details.
D:\coc\ひとりじゃない\永晝城物語\progress\Eternal_Day_State\Eternal_Day_State\Form1.h(5664,3): warning C4996: 'strcpy': This function or variable may be unsafe. Consider using strcpy_s instead. To disable deprecation, use _CRT_SECURE_NO_WARNINGS. See online help for details.
D:\coc\ひとりじゃない\永晝城物語\progress\Eternal_Day_State\Eternal_Day_State\Form1.h(5677,3): warning C4996: 'strcpy': This function or variable may be unsafe. Consider using strcpy_s instead. To disable deprecation, use _CRT_SECURE_NO_WARNINGS. See online help for details.
D:\coc\ひとりじゃない\永晝城物語\progress\Eternal_Day_State\Eternal_Day_State\Form1.h(5689,3): warning C4996: 'strcpy': This function or variable may be unsafe. Consider using strcpy_s instead. To disable deprecation, use _CRT_SECURE_NO_WARNINGS. See online help for details.
D:\coc\ひとりじゃない\永晝城物語\progress\Eternal_Day_State\Eternal_Day_State\Form1.h(5705,3): warning C4996: 'strcpy': This function or variable may be unsafe. Consider using strcpy_s instead. To disable deprecation, use _CRT_SECURE_NO_WARNINGS. See online help for details.
D:\coc\ひとりじゃない\永晝城物語\progress\Eternal_Day_State\Eternal_Day_State\Form1.h(5721,3): warning C4996: 'strcpy': This function or variable may be unsafe. Consider using strcpy_s instead. To disable deprecation, use _CRT_SECURE_NO_WARNINGS. See online help for details.
D:\coc\ひとりじゃない\永晝城物語\progress\Eternal_Day_State\Eternal_Day_State\Form1.h(5735,3): warning C4996: 'strcpy': This function or variable may be unsafe. Consider using strcpy_s instead. To disable deprecation, use _CRT_SECURE_NO_WARNINGS. See online help for details.
D:\coc\ひとりじゃない\永晝城物語\progress\Eternal_Day_State\Eternal_Day_State\Form1.h(5764,4): warning C4996: 'strcpy': This function or variable may be unsafe. Consider using strcpy_s instead. To disable deprecation, use _CRT_SECURE_NO_WARNINGS. See online help for details.
D:\coc\ひとりじゃない\永晝城物語\progress\Eternal_Day_State\Eternal_Day_State\Form1.h(5789,4): warning C4996: 'strcpy': This function or variable may be unsafe. Consider using strcpy_s instead. To disable deprecation, use _CRT_SECURE_NO_WARNINGS. See online help for details.
D:\coc\ひとりじゃない\永晝城物語\progress\Eternal_Day_State\Eternal_Day_State\Form1.h(5807,4): warning C4996: 'strcpy': This function or variable may be unsafe. Consider using strcpy_s instead. To disable deprecation, use _CRT_SECURE_NO_WARNINGS. See online help for details.
D:\coc\ひとりじゃない\永晝城物語\progress\Eternal_Day_State\Eternal_Day_State\Form1.h(5899,4): warning C4996: 'strcpy': This function or variable may be unsafe. Consider using strcpy_s instead. To disable deprecation, use _CRT_SECURE_NO_WARNINGS. See online help for details.
D:\coc\ひとりじゃない\永晝城物語\progress\Eternal_Day_State\Eternal_Day_State\Form1.h(6007,4): warning C4996: 'strcpy': This function or variable may be unsafe. Consider using strcpy_s instead. To disable deprecation, use _CRT_SECURE_NO_WARNINGS. See online help for details.
D:\coc\ひとりじゃない\永晝城物語\progress\Eternal_Day_State\Eternal_Day_State\Form1.h(6015,4): warning C4996: 'strcpy': This function or variable may be unsafe. Consider using strcpy_s instead. To disable deprecation, use _CRT_SECURE_NO_WARNINGS. See online help for details.
D:\coc\ひとりじゃない\永晝城物語\progress\Eternal_Day_State\Eternal_Day_State\Form1.h(6027,4): warning C4996: 'strcpy': This function or variable may be unsafe. Consider using strcpy_s instead. To disable deprecation, use _CRT_SECURE_NO_WARNINGS. See online help for details.
D:\coc\ひとりじゃない\永晝城物語\progress\Eternal_Day_State\Eternal_Day_State\Form1.h(6035,4): warning C4996: 'strcpy': This function or variable may be unsafe. Consider using strcpy_s instead. To disable deprecation, use _CRT_SECURE_NO_WARNINGS. See online help for details.
D:\coc\ひとりじゃない\永晝城物語\progress\Eternal_Day_State\Eternal_Day_State\Form1.h(6040,3): warning C4996: 'strcpy': This function or variable may be unsafe. Consider using strcpy_s instead. To disable deprecation, use _CRT_SECURE_NO_WARNINGS. See online help for details.
D:\coc\ひとりじゃない\永晝城物語\progress\Eternal_Day_State\Eternal_Day_State\Form1.h(6056,3): warning C4996: 'strcpy': This function or variable may be unsafe. Consider using strcpy_s instead. To disable deprecation, use _CRT_SECURE_NO_WARNINGS. See online help for details.
D:\coc\ひとりじゃない\永晝城物語\progress\Eternal_Day_State\Eternal_Day_State\Form1.h(6070,3): warning C4996: 'strcpy': This function or variable may be unsafe. Consider using strcpy_s instead. To disable deprecation, use _CRT_SECURE_NO_WARNINGS. See online help for details.
D:\coc\ひとりじゃない\永晝城物語\progress\Eternal_Day_State\Eternal_Day_State\Form1.h(6084,3): warning C4996: 'strcpy': This function or variable may be unsafe. Consider using strcpy_s instead. To disable deprecation, use _CRT_SECURE_NO_WARNINGS. See online help for details.
D:\coc\ひとりじゃない\永晝城物語\progress\Eternal_Day_State\Eternal_Day_State\Form1.h(6097,3): warning C4996: 'strcpy': This function or variable may be unsafe. Consider using strcpy_s instead. To disable deprecation, use _CRT_SECURE_NO_WARNINGS. See online help for details.
D:\coc\ひとりじゃない\永晝城物語\progress\Eternal_Day_State\Eternal_Day_State\Form1.h(6111,3): warning C4996: 'strcpy': This function or variable may be unsafe. Consider using strcpy_s instead. To disable deprecation, use _CRT_SECURE_NO_WARNINGS. See online help for details.
D:\coc\ひとりじゃない\永晝城物語\progress\Eternal_Day_State\Eternal_Day_State\Form1.h(6256,3): warning C4996: 'strcpy': This function or variable may be unsafe. Consider using strcpy_s instead. To disable deprecation, use _CRT_SECURE_NO_WARNINGS. See online help for details.
  AssemblyInfo.obj : 發現 MSIL 模組。MSIL 的累加連結已停用。正在執行完整連結
  Eternal_Day_State.vcxproj -> D:\coc\ひとりじゃない\永晝城物語\progress\Eternal_Day_State\x64\Debug\Eternal_Day_State.exe
